<?xml version="1.0" encoding="UTF-8"?>
<!-- Generated by org.testng.reporters.JUnitXMLReporter -->
<testsuite ignored="0" hostname="DESKTOP-FQABRBS" failures="0" tests="7" name="Default test" time="120.132" errors="0" timestamp="2020-07-21T16:59:47 EDT">
  <testcase classname="com.datadriven.test.CRMAddContacts" name="Addcontact" time="3.203"/>
  <testcase classname="com.datadriven.test.CRMAddContacts" name="Addcontact" time="2.531"/>
  <testcase classname="com.datadriven.test.CRMAddContacts" name="Addcontact" time="3.534"/>
  <testcase classname="com.datadriven.test.CRMAddContacts" name="Addcontact" time="2.28"/>
  <testcase classname="com.datadriven.test.CRMAddContacts" name="Addcontact" time="3.207"/>
  <testcase classname="com.datadriven.test.CRMAddContacts" name="Addcontact" time="2.664"/>
  <testcase classname="com.datadriven.test.CRMAddContacts" name="Addcontact" time="0.893"/>
</testsuite> <!-- Default test -->
