<?xml version="1.0" encoding="UTF-8"?>
<testng-results ignored="0" total="7" passed="7" failed="0" skipped="0">
  <reporter-output>
  </reporter-output>
  <suite started-at="2020-07-21T16:57:47 EDT" name="Default suite" finished-at="2020-07-21T16:59:47 EDT" duration-ms="120132">
    <groups>
    </groups>
    <test started-at="2020-07-21T16:57:47 EDT" name="Default test" finished-at="2020-07-21T16:59:47 EDT" duration-ms="120132">
      <class name="com.datadriven.test.CRMAddContacts">
        <test-method is-config="true" signature="setUp()[pri:0, instance:com.datadriven.test.CRMAddContacts@87a85e1]" started-at="2020-07-21T16:57:48 EDT" name="setUp" finished-at="2020-07-21T16:58:02 EDT" duration-ms="14071" status="PASS">
          <reporter-output>
          </reporter-output>
        </test-method> <!-- setUp -->
        <test-method signature="Addcontact(java.lang.String, java.lang.String, java.lang.String, java.lang.String, java.lang.String, java.lang.String, java.lang.String, java.lang.String, java.lang.String)[pri:0, instance:com.datadriven.test.CRMAddContacts@87a85e1]" started-at="2020-07-21T16:58:02 EDT" name="Addcontact" data-provider="gettestdata" finished-at="2020-07-21T16:58:05 EDT" duration-ms="3203" status="PASS">
          <params>
            <param index="0">
              <value>
                <![CDATA[Mr.]]>
              </value>
            </param>
            <param index="1">
              <value>
                <![CDATA[Mukesh]]>
              </value>
            </param>
            <param index="2">
              <value>
                <![CDATA[Sharma]]>
              </value>
            </param>
            <param index="3">
              <value>
                <![CDATA[abe]]>
              </value>
            </param>
            <param index="4">
              <value>
                <![CDATA[12.main st]]>
              </value>
            </param>
            <param index="5">
              <value>
                <![CDATA[Mumbai]]>
              </value>
            </param>
            <param index="6">
              <value>
                <![CDATA[MA]]>
              </value>
            </param>
            <param index="7">
              <value>
                <![CDATA[12434.0]]>
              </value>
            </param>
            <param index="8">
              <value>
                <![CDATA[India]]>
              </value>
            </param>
          </params>
          <reporter-output>
          </reporter-output>
        </test-method> <!-- Addcontact -->
        <test-method is-config="true" signature="teardown()[pri:0, instance:com.datadriven.test.CRMAddContacts@87a85e1]" started-at="2020-07-21T16:58:05 EDT" name="teardown" finished-at="2020-07-21T16:58:06 EDT" duration-ms="1286" status="PASS">
          <reporter-output>
          </reporter-output>
        </test-method> <!-- teardown -->
        <test-method is-config="true" signature="setUp()[pri:0, instance:com.datadriven.test.CRMAddContacts@87a85e1]" started-at="2020-07-21T16:58:06 EDT" name="setUp" finished-at="2020-07-21T16:58:20 EDT" duration-ms="14058" status="PASS">
          <reporter-output>
          </reporter-output>
        </test-method> <!-- setUp -->
        <test-method signature="Addcontact(java.lang.String, java.lang.String, java.lang.String, java.lang.String, java.lang.String, java.lang.String, java.lang.String, java.lang.String, java.lang.String)[pri:0, instance:com.datadriven.test.CRMAddContacts@87a85e1]" started-at="2020-07-21T16:58:20 EDT" name="Addcontact" data-provider="gettestdata" finished-at="2020-07-21T16:58:23 EDT" duration-ms="2531" status="PASS">
          <params>
            <param index="0">
              <value>
                <![CDATA[Dr.]]>
              </value>
            </param>
            <param index="1">
              <value>
                <![CDATA[Anil]]>
              </value>
            </param>
            <param index="2">
              <value>
                <![CDATA[Raj]]>
              </value>
            </param>
            <param index="3">
              <value>
                <![CDATA[ebd]]>
              </value>
            </param>
            <param index="4">
              <value>
                <![CDATA[11,pe]]>
              </value>
            </param>
            <param index="5">
              <value>
                <![CDATA[Chennai]]>
              </value>
            </param>
            <param index="6">
              <value>
                <![CDATA[TN]]>
              </value>
            </param>
            <param index="7">
              <value>
                <![CDATA[290900.0]]>
              </value>
            </param>
            <param index="8">
              <value>
                <![CDATA[India]]>
              </value>
            </param>
          </params>
          <reporter-output>
          </reporter-output>
        </test-method> <!-- Addcontact -->
        <test-method is-config="true" signature="teardown()[pri:0, instance:com.datadriven.test.CRMAddContacts@87a85e1]" started-at="2020-07-21T16:58:23 EDT" name="teardown" finished-at="2020-07-21T16:58:24 EDT" duration-ms="1190" status="PASS">
          <reporter-output>
          </reporter-output>
        </test-method> <!-- teardown -->
        <test-method is-config="true" signature="setUp()[pri:0, instance:com.datadriven.test.CRMAddContacts@87a85e1]" started-at="2020-07-21T16:58:24 EDT" name="setUp" finished-at="2020-07-21T16:58:37 EDT" duration-ms="12942" status="PASS">
          <reporter-output>
          </reporter-output>
        </test-method> <!-- setUp -->
        <test-method signature="Addcontact(java.lang.String, java.lang.String, java.lang.String, java.lang.String, java.lang.String, java.lang.String, java.lang.String, java.lang.String, java.lang.String)[pri:0, instance:com.datadriven.test.CRMAddContacts@87a85e1]" started-at="2020-07-21T16:58:37 EDT" name="Addcontact" data-provider="gettestdata" finished-at="2020-07-21T16:58:41 EDT" duration-ms="3534" status="PASS">
          <params>
            <param index="0">
              <value>
                <![CDATA[Mrs.]]>
              </value>
            </param>
            <param index="1">
              <value>
                <![CDATA[Rishi]]>
              </value>
            </param>
            <param index="2">
              <value>
                <![CDATA[Raj]]>
              </value>
            </param>
            <param index="3">
              <value>
                <![CDATA[enlk]]>
              </value>
            </param>
            <param index="4">
              <value>
                <![CDATA[33,4th st]]>
              </value>
            </param>
            <param index="5">
              <value>
                <![CDATA[Allentown]]>
              </value>
            </param>
            <param index="6">
              <value>
                <![CDATA[PA]]>
              </value>
            </param>
            <param index="7">
              <value>
                <![CDATA[12922.0]]>
              </value>
            </param>
            <param index="8">
              <value>
                <![CDATA[USA]]>
              </value>
            </param>
          </params>
          <reporter-output>
          </reporter-output>
        </test-method> <!-- Addcontact -->
        <test-method is-config="true" signature="teardown()[pri:0, instance:com.datadriven.test.CRMAddContacts@87a85e1]" started-at="2020-07-21T16:58:41 EDT" name="teardown" finished-at="2020-07-21T16:58:41 EDT" duration-ms="831" status="PASS">
          <reporter-output>
          </reporter-output>
        </test-method> <!-- teardown -->
        <test-method is-config="true" signature="setUp()[pri:0, instance:com.datadriven.test.CRMAddContacts@87a85e1]" started-at="2020-07-21T16:58:41 EDT" name="setUp" finished-at="2020-07-21T16:58:56 EDT" duration-ms="14370" status="PASS">
          <reporter-output>
          </reporter-output>
        </test-method> <!-- setUp -->
        <test-method signature="Addcontact(java.lang.String, java.lang.String, java.lang.String, java.lang.String, java.lang.String, java.lang.String, java.lang.String, java.lang.String, java.lang.String)[pri:0, instance:com.datadriven.test.CRMAddContacts@87a85e1]" started-at="2020-07-21T16:58:56 EDT" name="Addcontact" data-provider="gettestdata" finished-at="2020-07-21T16:58:58 EDT" duration-ms="2280" status="PASS">
          <params>
            <param index="0">
              <value>
                <![CDATA[Mr.]]>
              </value>
            </param>
            <param index="1">
              <value>
                <![CDATA[Siva]]>
              </value>
            </param>
            <param index="2">
              <value>
                <![CDATA[Kumar]]>
              </value>
            </param>
            <param index="3">
              <value>
                <![CDATA[eer]]>
              </value>
            </param>
            <param index="4">
              <value>
                <![CDATA[32,indra nagar]]>
              </value>
            </param>
            <param index="5">
              <value>
                <![CDATA[Chennai]]>
              </value>
            </param>
            <param index="6">
              <value>
                <![CDATA[TN]]>
              </value>
            </param>
            <param index="7">
              <value>
                <![CDATA[309092.0]]>
              </value>
            </param>
            <param index="8">
              <value>
                <![CDATA[India]]>
              </value>
            </param>
          </params>
          <reporter-output>
          </reporter-output>
        </test-method> <!-- Addcontact -->
        <test-method is-config="true" signature="teardown()[pri:0, instance:com.datadriven.test.CRMAddContacts@87a85e1]" started-at="2020-07-21T16:58:58 EDT" name="teardown" finished-at="2020-07-21T16:58:59 EDT" duration-ms="725" status="PASS">
          <reporter-output>
          </reporter-output>
        </test-method> <!-- teardown -->
        <test-method is-config="true" signature="setUp()[pri:0, instance:com.datadriven.test.CRMAddContacts@87a85e1]" started-at="2020-07-21T16:58:59 EDT" name="setUp" finished-at="2020-07-21T16:59:12 EDT" duration-ms="12869" status="PASS">
          <reporter-output>
          </reporter-output>
        </test-method> <!-- setUp -->
        <test-method signature="Addcontact(java.lang.String, java.lang.String, java.lang.String, java.lang.String, java.lang.String, java.lang.String, java.lang.String, java.lang.String, java.lang.String)[pri:0, instance:com.datadriven.test.CRMAddContacts@87a85e1]" started-at="2020-07-21T16:59:12 EDT" name="Addcontact" data-provider="gettestdata" finished-at="2020-07-21T16:59:15 EDT" duration-ms="3207" status="PASS">
          <params>
            <param index="0">
              <value>
                <![CDATA[Dr.]]>
              </value>
            </param>
            <param index="1">
              <value>
                <![CDATA[Dhrithi ]]>
              </value>
            </param>
            <param index="2">
              <value>
                <![CDATA[Karthik]]>
              </value>
            </param>
            <param index="3">
              <value>
                <![CDATA[lvp]]>
              </value>
            </param>
            <param index="4">
              <value>
                <![CDATA[203,str]]>
              </value>
            </param>
            <param index="5">
              <value>
                <![CDATA[Allentown]]>
              </value>
            </param>
            <param index="6">
              <value>
                <![CDATA[PA]]>
              </value>
            </param>
            <param index="7">
              <value>
                <![CDATA[34341.0]]>
              </value>
            </param>
            <param index="8">
              <value>
                <![CDATA[USA]]>
              </value>
            </param>
          </params>
          <reporter-output>
          </reporter-output>
        </test-method> <!-- Addcontact -->
        <test-method is-config="true" signature="teardown()[pri:0, instance:com.datadriven.test.CRMAddContacts@87a85e1]" started-at="2020-07-21T16:59:15 EDT" name="teardown" finished-at="2020-07-21T16:59:16 EDT" duration-ms="760" status="PASS">
          <reporter-output>
          </reporter-output>
        </test-method> <!-- teardown -->
        <test-method is-config="true" signature="setUp()[pri:0, instance:com.datadriven.test.CRMAddContacts@87a85e1]" started-at="2020-07-21T16:59:16 EDT" name="setUp" finished-at="2020-07-21T16:59:29 EDT" duration-ms="13090" status="PASS">
          <reporter-output>
          </reporter-output>
        </test-method> <!-- setUp -->
        <test-method signature="Addcontact(java.lang.String, java.lang.String, java.lang.String, java.lang.String, java.lang.String, java.lang.String, java.lang.String, java.lang.String, java.lang.String)[pri:0, instance:com.datadriven.test.CRMAddContacts@87a85e1]" started-at="2020-07-21T16:59:29 EDT" name="Addcontact" data-provider="gettestdata" finished-at="2020-07-21T16:59:31 EDT" duration-ms="2664" status="PASS">
          <params>
            <param index="0">
              <value>
                <![CDATA[Mr.]]>
              </value>
            </param>
            <param index="1">
              <value>
                <![CDATA[Bhargav]]>
              </value>
            </param>
            <param index="2">
              <value>
                <![CDATA[Karthik]]>
              </value>
            </param>
            <param index="3">
              <value>
                <![CDATA[nfk]]>
              </value>
            </param>
            <param index="4">
              <value>
                <![CDATA[23.,efe]]>
              </value>
            </param>
            <param index="5">
              <value>
                <![CDATA[Allentown]]>
              </value>
            </param>
            <param index="6">
              <value>
                <![CDATA[PA]]>
              </value>
            </param>
            <param index="7">
              <value>
                <![CDATA[32322.0]]>
              </value>
            </param>
            <param index="8">
              <value>
                <![CDATA[USA]]>
              </value>
            </param>
          </params>
          <reporter-output>
          </reporter-output>
        </test-method> <!-- Addcontact -->
        <test-method is-config="true" signature="teardown()[pri:0, instance:com.datadriven.test.CRMAddContacts@87a85e1]" started-at="2020-07-21T16:59:31 EDT" name="teardown" finished-at="2020-07-21T16:59:32 EDT" duration-ms="773" status="PASS">
          <reporter-output>
          </reporter-output>
        </test-method> <!-- teardown -->
        <test-method is-config="true" signature="setUp()[pri:0, instance:com.datadriven.test.CRMAddContacts@87a85e1]" started-at="2020-07-21T16:59:32 EDT" name="setUp" finished-at="2020-07-21T16:59:45 EDT" duration-ms="13065" status="PASS">
          <reporter-output>
          </reporter-output>
        </test-method> <!-- setUp -->
        <test-method signature="Addcontact(java.lang.String, java.lang.String, java.lang.String, java.lang.String, java.lang.String, java.lang.String, java.lang.String, java.lang.String, java.lang.String)[pri:0, instance:com.datadriven.test.CRMAddContacts@87a85e1]" started-at="2020-07-21T16:59:45 EDT" name="Addcontact" data-provider="gettestdata" finished-at="2020-07-21T16:59:46 EDT" duration-ms="893" status="PASS">
          <params>
            <param index="0">
              <value>
                <![CDATA[]]>
              </value>
            </param>
            <param index="1">
              <value>
                <![CDATA[]]>
              </value>
            </param>
            <param index="2">
              <value>
                <![CDATA[]]>
              </value>
            </param>
            <param index="3">
              <value>
                <![CDATA[]]>
              </value>
            </param>
            <param index="4">
              <value>
                <![CDATA[]]>
              </value>
            </param>
            <param index="5">
              <value>
                <![CDATA[]]>
              </value>
            </param>
            <param index="6">
              <value>
                <![CDATA[]]>
              </value>
            </param>
            <param index="7">
              <value>
                <![CDATA[]]>
              </value>
            </param>
            <param index="8">
              <value>
                <![CDATA[]]>
              </value>
            </param>
          </params>
          <reporter-output>
          </reporter-output>
        </test-method> <!-- Addcontact -->
        <test-method is-config="true" signature="teardown()[pri:0, instance:com.datadriven.test.CRMAddContacts@87a85e1]" started-at="2020-07-21T16:59:46 EDT" name="teardown" finished-at="2020-07-21T16:59:47 EDT" duration-ms="843" status="PASS">
          <reporter-output>
          </reporter-output>
        </test-method> <!-- teardown -->
      </class> <!-- com.datadriven.test.CRMAddContacts -->
    </test> <!-- Default test -->
  </suite> <!-- Default suite -->
</testng-results>
